c:\users\user\documents\terrainia\terrainia\debug\courseworkbase.bsc
c:\users\user\documents\terrainia\terrainia\debug\vc120.pdb
c:\users\user\documents\terrainia\terrainia\debug\mainfunction.sbr
c:\users\user\documents\terrainia\terrainia\debug\baseengine.sbr
c:\users\user\documents\terrainia\terrainia\debug\displayableobject.sbr
c:\users\user\documents\terrainia\terrainia\debug\fontmanager.sbr
c:\users\user\documents\terrainia\terrainia\debug\jpgimage.sbr
c:\users\user\documents\terrainia\terrainia\debug\simpledemo.sbr
c:\users\user\documents\terrainia\terrainia\debug\terrainiabulletobject.sbr
c:\users\user\documents\terrainia\terrainia\debug\terrainiadirtobject.sbr
c:\users\user\documents\terrainia\terrainia\debug\terrainiamain.sbr
c:\users\user\documents\terrainia\terrainia\debug\terrainiamobbig.sbr
c:\users\user\documents\terrainia\terrainia\debug\terrainiamobgreen.sbr
c:\users\user\documents\terrainia\terrainia\debug\terrainiamobobject.sbr
c:\users\user\documents\terrainia\terrainia\debug\terrainiamobslow.sbr
c:\users\user\documents\terrainia\terrainia\debug\terrainiaplayerobject.sbr
c:\users\user\documents\terrainia\terrainia\debug\terrainiatilemanager.sbr
c:\users\user\documents\terrainia\terrainia\debug\tilemanager.sbr
c:\users\user\documents\terrainia\terrainia\debug\bouncingball.sbr
c:\users\user\documents\terrainia\terrainia\debug\bouncingballmain.sbr
c:\users\user\documents\terrainia\terrainia\debug\demo1main.sbr
c:\users\user\documents\terrainia\terrainia\debug\demo2main.sbr
c:\users\user\documents\terrainia\terrainia\debug\demo2main.obj
c:\users\user\documents\terrainia\terrainia\debug\demo1main.obj
c:\users\user\documents\terrainia\terrainia\debug\bouncingballmain.obj
c:\users\user\documents\terrainia\terrainia\debug\bouncingball.obj
c:\users\user\documents\terrainia\terrainia\debug\tilemanager.obj
c:\users\user\documents\terrainia\terrainia\debug\terrainiatilemanager.obj
c:\users\user\documents\terrainia\terrainia\debug\terrainiaplayerobject.obj
c:\users\user\documents\terrainia\terrainia\debug\terrainiamobslow.obj
c:\users\user\documents\terrainia\terrainia\debug\terrainiamobobject.obj
c:\users\user\documents\terrainia\terrainia\debug\terrainiamobgreen.obj
c:\users\user\documents\terrainia\terrainia\debug\terrainiamobbig.obj
c:\users\user\documents\terrainia\terrainia\debug\terrainiamain.obj
c:\users\user\documents\terrainia\terrainia\debug\terrainiadirtobject.obj
c:\users\user\documents\terrainia\terrainia\debug\terrainiabulletobject.obj
c:\users\user\documents\terrainia\terrainia\debug\simpledemo.obj
c:\users\user\documents\terrainia\terrainia\debug\jpgimage.obj
c:\users\user\documents\terrainia\terrainia\debug\fontmanager.obj
c:\users\user\documents\terrainia\terrainia\debug\displayableobject.obj
c:\users\user\documents\terrainia\terrainia\debug\baseengine.obj
c:\users\user\documents\terrainia\terrainia\debug\mainfunction.obj
c:\users\user\documents\terrainia\terrainia\debug\demo2object.sbr
c:\users\user\documents\terrainia\terrainia\debug\demo2tilemanager.sbr
c:\users\user\documents\terrainia\terrainia\debug\demo3main.sbr
c:\users\user\documents\terrainia\terrainia\debug\demo3object.sbr
c:\users\user\documents\terrainia\terrainia\debug\demo3objectfinished.sbr
c:\users\user\documents\terrainia\terrainia\debug\demo3tilemanager.sbr
c:\users\user\documents\terrainia\terrainia\debug\demo4main.sbr
c:\users\user\documents\terrainia\terrainia\debug\demo4object.sbr
c:\users\user\documents\terrainia\terrainia\debug\demo4tilemanager.sbr
c:\users\user\documents\terrainia\terrainia\debug\demo4tilemanager.obj
c:\users\user\documents\terrainia\terrainia\debug\demo4object.obj
c:\users\user\documents\terrainia\terrainia\debug\demo4main.obj
c:\users\user\documents\terrainia\terrainia\debug\demo3tilemanager.obj
c:\users\user\documents\terrainia\terrainia\debug\demo3objectfinished.obj
c:\users\user\documents\terrainia\terrainia\debug\demo3object.obj
c:\users\user\documents\terrainia\terrainia\debug\demo3main.obj
c:\users\user\documents\terrainia\terrainia\debug\demo2tilemanager.obj
c:\users\user\documents\terrainia\terrainia\debug\demo2object.obj
c:\users\user\documents\terrainia\terrainia\debug\courseworkbase.ilk
c:\users\user\documents\terrainia\terrainia\debug\courseworkbase.exe
c:\users\user\documents\terrainia\terrainia\src\map
c:\users\user\documents\terrainia\terrainia\debug\courseworkbase.pdb
c:\users\user\documents\terrainia\terrainia\debug\courseworkbase.res
c:\users\user\downloads\terrainia\terrainia\debug\baseengine.obj
c:\users\user\downloads\terrainia\terrainia\debug\bouncingball.obj
c:\users\user\downloads\terrainia\terrainia\debug\bouncingballmain.obj
c:\users\user\downloads\terrainia\terrainia\debug\demo1main.obj
c:\users\user\downloads\terrainia\terrainia\debug\demo2main.obj
c:\users\user\downloads\terrainia\terrainia\debug\demo2object.obj
c:\users\user\downloads\terrainia\terrainia\debug\demo2tilemanager.obj
c:\users\user\downloads\terrainia\terrainia\debug\demo3main.obj
c:\users\user\downloads\terrainia\terrainia\debug\demo3object.obj
c:\users\user\downloads\terrainia\terrainia\debug\demo3objectfinished.obj
c:\users\user\downloads\terrainia\terrainia\debug\demo3tilemanager.obj
c:\users\user\downloads\terrainia\terrainia\debug\demo4main.obj
c:\users\user\downloads\terrainia\terrainia\debug\demo4object.obj
c:\users\user\downloads\terrainia\terrainia\debug\demo4tilemanager.obj
c:\users\user\downloads\terrainia\terrainia\debug\displayableobject.obj
c:\users\user\downloads\terrainia\terrainia\debug\fontmanager.obj
c:\users\user\downloads\terrainia\terrainia\debug\jpgimage.obj
c:\users\user\downloads\terrainia\terrainia\debug\mainfunction.obj
c:\users\user\downloads\terrainia\terrainia\debug\simpledemo.obj
c:\users\user\downloads\terrainia\terrainia\debug\terrainiabulletobject.obj
c:\users\user\downloads\terrainia\terrainia\debug\terrainiadirtobject.obj
c:\users\user\downloads\terrainia\terrainia\debug\terrainiamain.obj
c:\users\user\downloads\terrainia\terrainia\debug\terrainiamobbig.obj
c:\users\user\downloads\terrainia\terrainia\debug\terrainiamobgreen.obj
c:\users\user\downloads\terrainia\terrainia\debug\terrainiamobobject.obj
c:\users\user\downloads\terrainia\terrainia\debug\terrainiamobslow.obj
c:\users\user\downloads\terrainia\terrainia\debug\terrainiaplayerobject.obj
c:\users\user\downloads\terrainia\terrainia\debug\terrainiatilemanager.obj
c:\users\user\downloads\terrainia\terrainia\debug\tilemanager.obj
c:\users\user\downloads\terrainia\terrainia\debug\courseworkbase.ilk
c:\users\user\downloads\terrainia\terrainia\debug\courseworkbase.res
c:\users\user\downloads\terrainia\terrainia\debug\courseworkbase.pdb
c:\users\user\downloads\terrainia\terrainia\debug\vc120.pdb
c:\users\user\downloads\terrainia\terrainia\debug\courseworkbase.bsc
c:\users\user\downloads\terrainia\terrainia\debug\baseengine.sbr
c:\users\user\downloads\terrainia\terrainia\debug\bouncingball.sbr
c:\users\user\downloads\terrainia\terrainia\debug\bouncingballmain.sbr
c:\users\user\downloads\terrainia\terrainia\debug\demo1main.sbr
c:\users\user\downloads\terrainia\terrainia\debug\demo2main.sbr
c:\users\user\downloads\terrainia\terrainia\debug\demo2object.sbr
c:\users\user\downloads\terrainia\terrainia\debug\demo2tilemanager.sbr
c:\users\user\downloads\terrainia\terrainia\debug\demo3main.sbr
c:\users\user\downloads\terrainia\terrainia\debug\demo3object.sbr
c:\users\user\downloads\terrainia\terrainia\debug\demo3objectfinished.sbr
c:\users\user\downloads\terrainia\terrainia\debug\demo3tilemanager.sbr
c:\users\user\downloads\terrainia\terrainia\debug\demo4main.sbr
c:\users\user\downloads\terrainia\terrainia\debug\demo4object.sbr
c:\users\user\downloads\terrainia\terrainia\debug\demo4tilemanager.sbr
c:\users\user\downloads\terrainia\terrainia\debug\displayableobject.sbr
c:\users\user\downloads\terrainia\terrainia\debug\fontmanager.sbr
c:\users\user\downloads\terrainia\terrainia\debug\jpgimage.sbr
c:\users\user\downloads\terrainia\terrainia\debug\mainfunction.sbr
c:\users\user\downloads\terrainia\terrainia\debug\simpledemo.sbr
c:\users\user\downloads\terrainia\terrainia\debug\terrainiabulletobject.sbr
c:\users\user\downloads\terrainia\terrainia\debug\terrainiadirtobject.sbr
c:\users\user\downloads\terrainia\terrainia\debug\terrainiamain.sbr
c:\users\user\downloads\terrainia\terrainia\debug\terrainiamobbig.sbr
c:\users\user\downloads\terrainia\terrainia\debug\terrainiamobgreen.sbr
c:\users\user\downloads\terrainia\terrainia\debug\terrainiamobobject.sbr
c:\users\user\downloads\terrainia\terrainia\debug\terrainiamobslow.sbr
c:\users\user\downloads\terrainia\terrainia\debug\terrainiaplayerobject.sbr
c:\users\user\downloads\terrainia\terrainia\debug\terrainiatilemanager.sbr
c:\users\user\downloads\terrainia\terrainia\debug\tilemanager.sbr
c:\users\user\downloads\terrainia\terrainia\/debug\courseworkbase.pdb
c:\users\user\downloads\terrainia\terrainia\/debug\courseworkbase.exe
c:\users\user\downloads\terrainia\terrainia\/debug\courseworkbase.bsc
c:\users\user\downloads\terrainia\terrainia\/debug\courseworkbase.ilk
c:\users\user\downloads\terrainia\terrainia\debug\courseworkbase.tlog\bscmake.command.1.tlog
c:\users\user\downloads\terrainia\terrainia\debug\courseworkbase.tlog\bscmake.read.1.tlog
c:\users\user\downloads\terrainia\terrainia\debug\courseworkbase.tlog\bscmake.write.1.tlog
c:\users\user\downloads\terrainia\terrainia\debug\courseworkbase.tlog\cl.command.1.tlog
c:\users\user\downloads\terrainia\terrainia\debug\courseworkbase.tlog\cl.read.1.tlog
c:\users\user\downloads\terrainia\terrainia\debug\courseworkbase.tlog\cl.write.1.tlog
c:\users\user\downloads\terrainia\terrainia\debug\courseworkbase.tlog\link.command.1.tlog
c:\users\user\downloads\terrainia\terrainia\debug\courseworkbase.tlog\link.read.1.tlog
c:\users\user\downloads\terrainia\terrainia\debug\courseworkbase.tlog\link.write.1.tlog
c:\users\user\downloads\terrainia\terrainia\debug\courseworkbase.tlog\rc.command.1.tlog
c:\users\user\downloads\terrainia\terrainia\debug\courseworkbase.tlog\rc.read.1.tlog
c:\users\user\downloads\terrainia\terrainia\debug\courseworkbase.tlog\rc.write.1.tlog
